d:\let_20200409\depthdemo\depthdemo\x64\debug\depthdemo.pch
d:\let_20200409\depthdemo\depthdemo\x64\debug\vc140.pdb
d:\let_20200409\depthdemo\depthdemo\x64\debug\vc140.idb
d:\let_20200409\depthdemo\depthdemo\x64\debug\stdafx.obj
d:\let_20200409\depthdemo\depthdemo\x64\debug\depthdemo.obj
d:\let_20200409\depthdemo\x64\debug\depthdemo.ilk
d:\let_20200409\depthdemo\x64\debug\depthdemo.exe
d:\let_20200409\depthdemo\x64\debug\depthdemo.pdb
d:\学院工作\demo\乐视（奥比中光astra深度相机）\let_depth\depthdemo\depthdemo\x64\debug\depthdemo.obj
d:\学院工作\demo\乐视（奥比中光astra深度相机）\let_depth\depthdemo\depthdemo\x64\debug\stdafx.obj
d:\学院工作\demo\乐视（奥比中光astra深度相机）\let_depth\depthdemo\depthdemo\x64\debug\depthdemo.pch
d:\学院工作\demo\乐视（奥比中光astra深度相机）\let_depth\depthdemo\depthdemo\x64\debug\vc140.idb
d:\学院工作\demo\乐视（奥比中光astra深度相机）\let_depth\depthdemo\depthdemo\x64\debug\vc140.pdb
d:\学院工作\demo\乐视（奥比中光astra深度相机）\let_depth\depthdemo\x64\debug\depthdemo.pdb
d:\学院工作\demo\乐视（奥比中光astra深度相机）\let_depth\depthdemo\x64\debug\depthdemo.exe
d:\学院工作\demo\乐视（奥比中光astra深度相机）\let_depth\depthdemo\x64\debug\depthdemo.ilk
d:\学院工作\demo\乐视（奥比中光astra深度相机）\let_depth\depthdemo\depthdemo\x64\debug\depthdemo.tlog\cl.command.1.tlog
d:\学院工作\demo\乐视（奥比中光astra深度相机）\let_depth\depthdemo\depthdemo\x64\debug\depthdemo.tlog\cl.read.1.tlog
d:\学院工作\demo\乐视（奥比中光astra深度相机）\let_depth\depthdemo\depthdemo\x64\debug\depthdemo.tlog\cl.write.1.tlog
d:\学院工作\demo\乐视（奥比中光astra深度相机）\let_depth\depthdemo\depthdemo\x64\debug\depthdemo.tlog\link.command.1.tlog
d:\学院工作\demo\乐视（奥比中光astra深度相机）\let_depth\depthdemo\depthdemo\x64\debug\depthdemo.tlog\link.read.1.tlog
d:\学院工作\demo\乐视（奥比中光astra深度相机）\let_depth\depthdemo\depthdemo\x64\debug\depthdemo.tlog\link.write.1.tlog
