d:\let_20200620\depthdemo\depthdemo\x64\debug\depthdemo.pch
d:\let_20200620\depthdemo\depthdemo\x64\debug\vc140.pdb
d:\let_20200620\depthdemo\depthdemo\x64\debug\vc140.idb
d:\let_20200620\depthdemo\depthdemo\x64\debug\stdafx.obj
d:\let_20200620\depthdemo\depthdemo\x64\debug\depthdemo.obj
d:\let_20200805\depthdemo\depthdemo\x64\debug\depthdemo.pch
d:\let_20200805\depthdemo\depthdemo\x64\debug\vc140.pdb
d:\let_20200805\depthdemo\depthdemo\x64\debug\vc140.idb
d:\let_20200805\depthdemo\depthdemo\x64\debug\stdafx.obj
d:\let_20200805\depthdemo\depthdemo\x64\debug\depthdemo.obj
d:\let_20200620\depthdemo\x64\debug\depthdemo.ilk
d:\let_20200620\depthdemo\x64\debug\depthdemo.exe
d:\let_20200620\depthdemo\x64\debug\depthdemo.pdb
d:\let_20200805\depthdemo\x64\debug\depthdemo.ilk
d:\let_20200805\depthdemo\x64\debug\depthdemo.exe
d:\let_20200805\depthdemo\x64\debug\depthdemo.pdb
d:\let_20200805\depthdemo\depthdemo\x64\debug\depthdemo.tlog\cl.command.1.tlog
d:\let_20200805\depthdemo\depthdemo\x64\debug\depthdemo.tlog\cl.read.1.tlog
d:\let_20200805\depthdemo\depthdemo\x64\debug\depthdemo.tlog\cl.write.1.tlog
d:\let_20200805\depthdemo\depthdemo\x64\debug\depthdemo.tlog\link.command.1.tlog
d:\let_20200805\depthdemo\depthdemo\x64\debug\depthdemo.tlog\link.read.1.tlog
d:\let_20200805\depthdemo\depthdemo\x64\debug\depthdemo.tlog\link.write.1.tlog
